<?xml version="1.0" encoding="UTF-8"?>
<!-- Generated by org.testng.reporters.JUnitXMLReporter -->
<testsuite hostname="ASDP1751PO02529" ignored="0" name="Default test" tests="4" failures="0" timestamp="2020-01-14T12:32:38 IST" time="33.136" errors="0">
  <testcase name="login" time="7.062" classname="qa.NewTaskTest"/>
  <testcase name="app_launch" time="11.544" classname="qa.NewTaskTest"/>
  <testcase name="create_new_lead" time="2.079" classname="qa.NewTaskTest"/>
  <testcase name="fill_form1" time="2.327" classname="qa.NewTaskTest"/>
</testsuite> <!-- Default test -->
