<?xml version="1.0" encoding="UTF-8"?>
<!-- Generated by org.testng.reporters.JUnitXMLReporter -->
<testsuite hostname="ASDP1751PO02529" ignored="0" name="Default test" tests="4" failures="0" timestamp="2020-01-10T11:37:49 IST" time="41.178" errors="0">
  <testcase name="login" time="6.351" classname="qa.NewTaskTest"/>
  <testcase name="app_launch" time="13.243" classname="qa.NewTaskTest"/>
  <testcase name="create_new_lead" time="2.486" classname="qa.NewTaskTest"/>
  <testcase name="fill_form1" time="6.437" classname="qa.NewTaskTest"/>
</testsuite> <!-- Default test -->
