<?xml version="1.0" encoding="UTF-8"?>
<testng-results skipped="0" failed="0" ignored="0" total="4" passed="4">
  <reporter-output>
  </reporter-output>
  <suite name="Default suite" duration-ms="33657" started-at="2020-01-13T11:45:57 IST" finished-at="2020-01-13T11:46:30 IST">
    <groups>
    </groups>
    <test name="Default test" duration-ms="33657" started-at="2020-01-13T11:45:57 IST" finished-at="2020-01-13T11:46:30 IST">
      <class name="qa.NewOpportunities">
        <test-method status="PASS" signature="tierUp()[pri:0, instance:qa.NewOpportunities@4d95d2a2]" name="tierUp" is-config="true" duration-ms="11291" started-at="2020-01-13T11:45:57 IST" finished-at="2020-01-13T11:46:08 IST">
          <reporter-output>
          </reporter-output>
        </test-method> <!-- tierUp -->
        <test-method status="PASS" signature="login()[pri:1, instance:qa.NewOpportunities@4d95d2a2]" name="login" duration-ms="6702" started-at="2020-01-13T11:46:08 IST" finished-at="2020-01-13T11:46:15 IST">
          <reporter-output>
          </reporter-output>
        </test-method> <!-- login -->
        <test-method status="PASS" signature="app_launch()[pri:2, instance:qa.NewOpportunities@4d95d2a2]" name="app_launch" duration-ms="11953" started-at="2020-01-13T11:46:15 IST" finished-at="2020-01-13T11:46:27 IST">
          <reporter-output>
          </reporter-output>
        </test-method> <!-- app_launch -->
        <test-method status="PASS" signature="create_new_opportunities()[pri:3, instance:qa.NewOpportunities@4d95d2a2]" name="create_new_opportunities" duration-ms="3309" started-at="2020-01-13T11:46:27 IST" finished-at="2020-01-13T11:46:30 IST">
          <reporter-output>
          </reporter-output>
        </test-method> <!-- create_new_opportunities -->
        <test-method status="PASS" signature="fill_form1()[pri:4, instance:qa.NewOpportunities@4d95d2a2]" name="fill_form1" duration-ms="356" started-at="2020-01-13T11:46:30 IST" finished-at="2020-01-13T11:46:30 IST">
          <reporter-output>
          </reporter-output>
        </test-method> <!-- fill_form1 -->
        <test-method status="PASS" signature="tierDown()[pri:0, instance:qa.NewOpportunities@4d95d2a2]" name="tierDown" is-config="true" duration-ms="1" started-at="2020-01-13T11:46:30 IST" finished-at="2020-01-13T11:46:30 IST">
          <reporter-output>
          </reporter-output>
        </test-method> <!-- tierDown -->
      </class> <!-- qa.NewOpportunities -->
    </test> <!-- Default test -->
  </suite> <!-- Default suite -->
</testng-results>
